2013/03/24 12:14:37 [error] [exception.CException] exception 'CException' with message 'Alias "bootstrap.widgets.TbNavbar" is invalid. Make sure it points to an existing directory or file.' in /home/wildan/jobstuff/NegeriPelangi/webapps/POSLoketPelangi/yii/framework/YiiBase.php:341
Stack trace:
#0 /home/wildan/jobstuff/NegeriPelangi/webapps/POSLoketPelangi/yii/framework/web/CWidgetFactory.php(146): YiiBase::import('bootstrap.widge...', true)
#1 /home/wildan/jobstuff/NegeriPelangi/webapps/POSLoketPelangi/yii/framework/web/CBaseController.php(146): CWidgetFactory->createWidget(Object(SiteController), 'bootstrap.widge...', Array)
#2 /home/wildan/jobstuff/NegeriPelangi/webapps/POSLoketPelangi/yii/framework/web/CBaseController.php(172): CBaseController->createWidget('bootstrap.widge...', Array)
#3 /home/wildan/jobstuff/NegeriPelangi/webapps/POSLoketPelangi/yii/loketpelangi/themes/pekayon/views/layouts/main.php(59): CBaseController->widget('bootstrap.widge...', Array)
#4 /home/wildan/jobstuff/NegeriPelangi/webapps/POSLoketPelangi/yii/framework/web/CBaseController.php(126): require('/home/wildan/jo...')
#5 /home/wildan/jobstuff/NegeriPelangi/webapps/POSLoketPelangi/yii/framework/web/CBaseController.php(95): CBaseController->renderInternal('/home/wildan/jo...', Array, true)
#6 /home/wildan/jobstuff/NegeriPelangi/webapps/POSLoketPelangi/yii/framework/web/widgets/CContentDecorator.php(76): CBaseController->renderFile('/home/wildan/jo...', Array, true)
#7 /home/wildan/jobstuff/NegeriPelangi/webapps/POSLoketPelangi/yii/framework/web/widgets/CContentDecorator.php(54): CContentDecorator->decorate('<div class="con...')
#8 /home/wildan/jobstuff/NegeriPelangi/webapps/POSLoketPelangi/yii/framework/web/widgets/COutputProcessor.php(44): CContentDecorator->processOutput('<div class="con...')
#9 /home/wildan/jobstuff/NegeriPelangi/webapps/POSLoketPelangi/yii/framework/web/CBaseController.php(206): COutputProcessor->run()
#10 /home/wildan/jobstuff/NegeriPelangi/webapps/POSLoketPelangi/yii/framework/web/CBaseController.php(300): CBaseController->endWidget('CContentDecorat...')
#11 /home/wildan/jobstuff/NegeriPelangi/webapps/POSLoketPelangi/yii/loketpelangi/themes/pekayon/views/layouts/column1.php(7): CBaseController->endContent()
#12 /home/wildan/jobstuff/NegeriPelangi/webapps/POSLoketPelangi/yii/framework/web/CBaseController.php(126): require('/home/wildan/jo...')
#13 /home/wildan/jobstuff/NegeriPelangi/webapps/POSLoketPelangi/yii/framework/web/CBaseController.php(95): CBaseController->renderInternal('/home/wildan/jo...', Array, true)
#14 /home/wildan/jobstuff/NegeriPelangi/webapps/POSLoketPelangi/yii/framework/web/CController.php(784): CBaseController->renderFile('/home/wildan/jo...', Array, true)
#15 /home/wildan/jobstuff/NegeriPelangi/webapps/POSLoketPelangi/yii/loketpelangi/protected/controllers/SiteController.php(98): CController->render('login', Array)
#16 /home/wildan/jobstuff/NegeriPelangi/webapps/POSLoketPelangi/yii/framework/web/actions/CInlineAction.php(49): SiteController->actionLogin()
#17 /home/wildan/jobstuff/NegeriPelangi/webapps/POSLoketPelangi/yii/framework/web/CController.php(308): CInlineAction->runWithParams(Array)
#18 /home/wildan/jobstuff/NegeriPelangi/webapps/POSLoketPelangi/yii/framework/web/CController.php(286): CController->runAction(Object(CInlineAction))
#19 /home/wildan/jobstuff/NegeriPelangi/webapps/POSLoketPelangi/yii/framework/web/CController.php(265): CController->runActionWithFilters(Object(CInlineAction), Array)
#20 /home/wildan/jobstuff/NegeriPelangi/webapps/POSLoketPelangi/yii/framework/web/CWebApplication.php(282): CController->run('login')
#21 /home/wildan/jobstuff/NegeriPelangi/webapps/POSLoketPelangi/yii/framework/web/CWebApplication.php(141): CWebApplication->runController('site/login')
#22 /home/wildan/jobstuff/NegeriPelangi/webapps/POSLoketPelangi/yii/framework/base/CApplication.php(169): CWebApplication->processRequest()
#23 /home/wildan/jobstuff/NegeriPelangi/webapps/POSLoketPelangi/yii/loketpelangi/index.php(13): CApplication->run()
#24 {main}
REQUEST_URI=/index.php?r=site/login
HTTP_REFERER=http://loketpelangi.np/index.php?r=site/contact
---
2013/03/24 12:14:50 [error] [exception.CException] exception 'CException' with message 'Alias "bootstrap.widgets.TbNavbar" is invalid. Make sure it points to an existing directory or file.' in /home/wildan/jobstuff/NegeriPelangi/webapps/POSLoketPelangi/yii/framework/YiiBase.php:341
Stack trace:
#0 /home/wildan/jobstuff/NegeriPelangi/webapps/POSLoketPelangi/yii/framework/web/CWidgetFactory.php(146): YiiBase::import('bootstrap.widge...', true)
#1 /home/wildan/jobstuff/NegeriPelangi/webapps/POSLoketPelangi/yii/framework/web/CBaseController.php(146): CWidgetFactory->createWidget(Object(SiteController), 'bootstrap.widge...', Array)
#2 /home/wildan/jobstuff/NegeriPelangi/webapps/POSLoketPelangi/yii/framework/web/CBaseController.php(172): CBaseController->createWidget('bootstrap.widge...', Array)
#3 /home/wildan/jobstuff/NegeriPelangi/webapps/POSLoketPelangi/yii/loketpelangi/themes/pekayon/views/layouts/main.php(59): CBaseController->widget('bootstrap.widge...', Array)
#4 /home/wildan/jobstuff/NegeriPelangi/webapps/POSLoketPelangi/yii/framework/web/CBaseController.php(126): require('/home/wildan/jo...')
#5 /home/wildan/jobstuff/NegeriPelangi/webapps/POSLoketPelangi/yii/framework/web/CBaseController.php(95): CBaseController->renderInternal('/home/wildan/jo...', Array, true)
#6 /home/wildan/jobstuff/NegeriPelangi/webapps/POSLoketPelangi/yii/framework/web/widgets/CContentDecorator.php(76): CBaseController->renderFile('/home/wildan/jo...', Array, true)
#7 /home/wildan/jobstuff/NegeriPelangi/webapps/POSLoketPelangi/yii/framework/web/widgets/CContentDecorator.php(54): CContentDecorator->decorate('<div class="con...')
#8 /home/wildan/jobstuff/NegeriPelangi/webapps/POSLoketPelangi/yii/framework/web/widgets/COutputProcessor.php(44): CContentDecorator->processOutput('<div class="con...')
#9 /home/wildan/jobstuff/NegeriPelangi/webapps/POSLoketPelangi/yii/framework/web/CBaseController.php(206): COutputProcessor->run()
#10 /home/wildan/jobstuff/NegeriPelangi/webapps/POSLoketPelangi/yii/framework/web/CBaseController.php(300): CBaseController->endWidget('CContentDecorat...')
#11 /home/wildan/jobstuff/NegeriPelangi/webapps/POSLoketPelangi/yii/loketpelangi/themes/pekayon/views/layouts/column1.php(7): CBaseController->endContent()
#12 /home/wildan/jobstuff/NegeriPelangi/webapps/POSLoketPelangi/yii/framework/web/CBaseController.php(126): require('/home/wildan/jo...')
#13 /home/wildan/jobstuff/NegeriPelangi/webapps/POSLoketPelangi/yii/framework/web/CBaseController.php(95): CBaseController->renderInternal('/home/wildan/jo...', Array, true)
#14 /home/wildan/jobstuff/NegeriPelangi/webapps/POSLoketPelangi/yii/framework/web/CController.php(784): CBaseController->renderFile('/home/wildan/jo...', Array, true)
#15 /home/wildan/jobstuff/NegeriPelangi/webapps/POSLoketPelangi/yii/loketpelangi/protected/controllers/SiteController.php(98): CController->render('login', Array)
#16 /home/wildan/jobstuff/NegeriPelangi/webapps/POSLoketPelangi/yii/framework/web/actions/CInlineAction.php(49): SiteController->actionLogin()
#17 /home/wildan/jobstuff/NegeriPelangi/webapps/POSLoketPelangi/yii/framework/web/CController.php(308): CInlineAction->runWithParams(Array)
#18 /home/wildan/jobstuff/NegeriPelangi/webapps/POSLoketPelangi/yii/framework/web/CController.php(286): CController->runAction(Object(CInlineAction))
#19 /home/wildan/jobstuff/NegeriPelangi/webapps/POSLoketPelangi/yii/framework/web/CController.php(265): CController->runActionWithFilters(Object(CInlineAction), Array)
#20 /home/wildan/jobstuff/NegeriPelangi/webapps/POSLoketPelangi/yii/framework/web/CWebApplication.php(282): CController->run('login')
#21 /home/wildan/jobstuff/NegeriPelangi/webapps/POSLoketPelangi/yii/framework/web/CWebApplication.php(141): CWebApplication->runController('site/login')
#22 /home/wildan/jobstuff/NegeriPelangi/webapps/POSLoketPelangi/yii/framework/base/CApplication.php(169): CWebApplication->processRequest()
#23 /home/wildan/jobstuff/NegeriPelangi/webapps/POSLoketPelangi/yii/loketpelangi/index.php(13): CApplication->run()
#24 {main}
REQUEST_URI=/index.php?r=site/login
HTTP_REFERER=http://loketpelangi.np/index.php?r=site/contact
---
2013/03/24 12:14:55 [error] [exception.CException] exception 'CException' with message 'Alias "bootstrap.widgets.TbNavbar" is invalid. Make sure it points to an existing directory or file.' in /home/wildan/jobstuff/NegeriPelangi/webapps/POSLoketPelangi/yii/framework/YiiBase.php:341
Stack trace:
#0 /home/wildan/jobstuff/NegeriPelangi/webapps/POSLoketPelangi/yii/framework/web/CWidgetFactory.php(146): YiiBase::import('bootstrap.widge...', true)
#1 /home/wildan/jobstuff/NegeriPelangi/webapps/POSLoketPelangi/yii/framework/web/CBaseController.php(146): CWidgetFactory->createWidget(Object(SiteController), 'bootstrap.widge...', Array)
#2 /home/wildan/jobstuff/NegeriPelangi/webapps/POSLoketPelangi/yii/framework/web/CBaseController.php(172): CBaseController->createWidget('bootstrap.widge...', Array)
#3 /home/wildan/jobstuff/NegeriPelangi/webapps/POSLoketPelangi/yii/loketpelangi/themes/pekayon/views/layouts/main.php(59): CBaseController->widget('bootstrap.widge...', Array)
#4 /home/wildan/jobstuff/NegeriPelangi/webapps/POSLoketPelangi/yii/framework/web/CBaseController.php(126): require('/home/wildan/jo...')
#5 /home/wildan/jobstuff/NegeriPelangi/webapps/POSLoketPelangi/yii/framework/web/CBaseController.php(95): CBaseController->renderInternal('/home/wildan/jo...', Array, true)
#6 /home/wildan/jobstuff/NegeriPelangi/webapps/POSLoketPelangi/yii/framework/web/widgets/CContentDecorator.php(76): CBaseController->renderFile('/home/wildan/jo...', Array, true)
#7 /home/wildan/jobstuff/NegeriPelangi/webapps/POSLoketPelangi/yii/framework/web/widgets/CContentDecorator.php(54): CContentDecorator->decorate('<div class="con...')
#8 /home/wildan/jobstuff/NegeriPelangi/webapps/POSLoketPelangi/yii/framework/web/widgets/COutputProcessor.php(44): CContentDecorator->processOutput('<div class="con...')
#9 /home/wildan/jobstuff/NegeriPelangi/webapps/POSLoketPelangi/yii/framework/web/CBaseController.php(206): COutputProcessor->run()
#10 /home/wildan/jobstuff/NegeriPelangi/webapps/POSLoketPelangi/yii/framework/web/CBaseController.php(300): CBaseController->endWidget('CContentDecorat...')
#11 /home/wildan/jobstuff/NegeriPelangi/webapps/POSLoketPelangi/yii/loketpelangi/themes/pekayon/views/layouts/column1.php(7): CBaseController->endContent()
#12 /home/wildan/jobstuff/NegeriPelangi/webapps/POSLoketPelangi/yii/framework/web/CBaseController.php(126): require('/home/wildan/jo...')
#13 /home/wildan/jobstuff/NegeriPelangi/webapps/POSLoketPelangi/yii/framework/web/CBaseController.php(95): CBaseController->renderInternal('/home/wildan/jo...', Array, true)
#14 /home/wildan/jobstuff/NegeriPelangi/webapps/POSLoketPelangi/yii/framework/web/CController.php(784): CBaseController->renderFile('/home/wildan/jo...', Array, true)
#15 /home/wildan/jobstuff/NegeriPelangi/webapps/POSLoketPelangi/yii/loketpelangi/protected/controllers/SiteController.php(32): CController->render('index')
#16 /home/wildan/jobstuff/NegeriPelangi/webapps/POSLoketPelangi/yii/framework/web/actions/CInlineAction.php(49): SiteController->actionIndex()
#17 /home/wildan/jobstuff/NegeriPelangi/webapps/POSLoketPelangi/yii/framework/web/CController.php(308): CInlineAction->runWithParams(Array)
#18 /home/wildan/jobstuff/NegeriPelangi/webapps/POSLoketPelangi/yii/framework/web/CController.php(286): CController->runAction(Object(CInlineAction))
#19 /home/wildan/jobstuff/NegeriPelangi/webapps/POSLoketPelangi/yii/framework/web/CController.php(265): CController->runActionWithFilters(Object(CInlineAction), Array)
#20 /home/wildan/jobstuff/NegeriPelangi/webapps/POSLoketPelangi/yii/framework/web/CWebApplication.php(282): CController->run('')
#21 /home/wildan/jobstuff/NegeriPelangi/webapps/POSLoketPelangi/yii/framework/web/CWebApplication.php(141): CWebApplication->runController('')
#22 /home/wildan/jobstuff/NegeriPelangi/webapps/POSLoketPelangi/yii/framework/base/CApplication.php(169): CWebApplication->processRequest()
#23 /home/wildan/jobstuff/NegeriPelangi/webapps/POSLoketPelangi/yii/loketpelangi/index.php(13): CApplication->run()
#24 {main}
REQUEST_URI=/index.php
---
2013/03/24 12:15:56 [error] [exception.CException] exception 'CException' with message 'Alias "bootstrap.widgets.TbNavbar" is invalid. Make sure it points to an existing directory or file.' in /home/wildan/jobstuff/NegeriPelangi/webapps/POSLoketPelangi/yii/framework/YiiBase.php:341
Stack trace:
#0 /home/wildan/jobstuff/NegeriPelangi/webapps/POSLoketPelangi/yii/framework/web/CWidgetFactory.php(146): YiiBase::import('bootstrap.widge...', true)
#1 /home/wildan/jobstuff/NegeriPelangi/webapps/POSLoketPelangi/yii/framework/web/CBaseController.php(146): CWidgetFactory->createWidget(Object(SiteController), 'bootstrap.widge...', Array)
#2 /home/wildan/jobstuff/NegeriPelangi/webapps/POSLoketPelangi/yii/framework/web/CBaseController.php(172): CBaseController->createWidget('bootstrap.widge...', Array)
#3 /home/wildan/jobstuff/NegeriPelangi/webapps/POSLoketPelangi/yii/loketpelangi/themes/pekayon/views/layouts/main.php(59): CBaseController->widget('bootstrap.widge...', Array)
#4 /home/wildan/jobstuff/NegeriPelangi/webapps/POSLoketPelangi/yii/framework/web/CBaseController.php(126): require('/home/wildan/jo...')
#5 /home/wildan/jobstuff/NegeriPelangi/webapps/POSLoketPelangi/yii/framework/web/CBaseController.php(95): CBaseController->renderInternal('/home/wildan/jo...', Array, true)
#6 /home/wildan/jobstuff/NegeriPelangi/webapps/POSLoketPelangi/yii/framework/web/widgets/CContentDecorator.php(76): CBaseController->renderFile('/home/wildan/jo...', Array, true)
#7 /home/wildan/jobstuff/NegeriPelangi/webapps/POSLoketPelangi/yii/framework/web/widgets/CContentDecorator.php(54): CContentDecorator->decorate('<div class="con...')
#8 /home/wildan/jobstuff/NegeriPelangi/webapps/POSLoketPelangi/yii/framework/web/widgets/COutputProcessor.php(44): CContentDecorator->processOutput('<div class="con...')
#9 /home/wildan/jobstuff/NegeriPelangi/webapps/POSLoketPelangi/yii/framework/web/CBaseController.php(206): COutputProcessor->run()
#10 /home/wildan/jobstuff/NegeriPelangi/webapps/POSLoketPelangi/yii/framework/web/CBaseController.php(300): CBaseController->endWidget('CContentDecorat...')
#11 /home/wildan/jobstuff/NegeriPelangi/webapps/POSLoketPelangi/yii/loketpelangi/themes/pekayon/views/layouts/column1.php(7): CBaseController->endContent()
#12 /home/wildan/jobstuff/NegeriPelangi/webapps/POSLoketPelangi/yii/framework/web/CBaseController.php(126): require('/home/wildan/jo...')
#13 /home/wildan/jobstuff/NegeriPelangi/webapps/POSLoketPelangi/yii/framework/web/CBaseController.php(95): CBaseController->renderInternal('/home/wildan/jo...', Array, true)
#14 /home/wildan/jobstuff/NegeriPelangi/webapps/POSLoketPelangi/yii/framework/web/CController.php(784): CBaseController->renderFile('/home/wildan/jo...', Array, true)
#15 /home/wildan/jobstuff/NegeriPelangi/webapps/POSLoketPelangi/yii/loketpelangi/protected/controllers/SiteController.php(32): CController->render('index')
#16 /home/wildan/jobstuff/NegeriPelangi/webapps/POSLoketPelangi/yii/framework/web/actions/CInlineAction.php(49): SiteController->actionIndex()
#17 /home/wildan/jobstuff/NegeriPelangi/webapps/POSLoketPelangi/yii/framework/web/CController.php(308): CInlineAction->runWithParams(Array)
#18 /home/wildan/jobstuff/NegeriPelangi/webapps/POSLoketPelangi/yii/framework/web/CController.php(286): CController->runAction(Object(CInlineAction))
#19 /home/wildan/jobstuff/NegeriPelangi/webapps/POSLoketPelangi/yii/framework/web/CController.php(265): CController->runActionWithFilters(Object(CInlineAction), Array)
#20 /home/wildan/jobstuff/NegeriPelangi/webapps/POSLoketPelangi/yii/framework/web/CWebApplication.php(282): CController->run('')
#21 /home/wildan/jobstuff/NegeriPelangi/webapps/POSLoketPelangi/yii/framework/web/CWebApplication.php(141): CWebApplication->runController('')
#22 /home/wildan/jobstuff/NegeriPelangi/webapps/POSLoketPelangi/yii/framework/base/CApplication.php(169): CWebApplication->processRequest()
#23 /home/wildan/jobstuff/NegeriPelangi/webapps/POSLoketPelangi/yii/loketpelangi/index.php(13): CApplication->run()
#24 {main}
REQUEST_URI=/index.php
---
2013/03/24 12:18:40 [error] [exception.CException] exception 'CException' with message 'Alias "bootstrap.widgets.TbNavbar" is invalid. Make sure it points to an existing directory or file.' in /home/wildan/jobstuff/NegeriPelangi/webapps/POSLoketPelangi/yii/framework/YiiBase.php:341
Stack trace:
#0 /home/wildan/jobstuff/NegeriPelangi/webapps/POSLoketPelangi/yii/framework/web/CWidgetFactory.php(146): YiiBase::import('bootstrap.widge...', true)
#1 /home/wildan/jobstuff/NegeriPelangi/webapps/POSLoketPelangi/yii/framework/web/CBaseController.php(146): CWidgetFactory->createWidget(Object(SiteController), 'bootstrap.widge...', Array)
#2 /home/wildan/jobstuff/NegeriPelangi/webapps/POSLoketPelangi/yii/framework/web/CBaseController.php(172): CBaseController->createWidget('bootstrap.widge...', Array)
#3 /home/wildan/jobstuff/NegeriPelangi/webapps/POSLoketPelangi/yii/loketpelangi/themes/pekayon/views/layouts/main.php(59): CBaseController->widget('bootstrap.widge...', Array)
#4 /home/wildan/jobstuff/NegeriPelangi/webapps/POSLoketPelangi/yii/framework/web/CBaseController.php(126): require('/home/wildan/jo...')
#5 /home/wildan/jobstuff/NegeriPelangi/webapps/POSLoketPelangi/yii/framework/web/CBaseController.php(95): CBaseController->renderInternal('/home/wildan/jo...', Array, true)
#6 /home/wildan/jobstuff/NegeriPelangi/webapps/POSLoketPelangi/yii/framework/web/widgets/CContentDecorator.php(76): CBaseController->renderFile('/home/wildan/jo...', Array, true)
#7 /home/wildan/jobstuff/NegeriPelangi/webapps/POSLoketPelangi/yii/framework/web/widgets/CContentDecorator.php(54): CContentDecorator->decorate('<div class="con...')
#8 /home/wildan/jobstuff/NegeriPelangi/webapps/POSLoketPelangi/yii/framework/web/widgets/COutputProcessor.php(44): CContentDecorator->processOutput('<div class="con...')
#9 /home/wildan/jobstuff/NegeriPelangi/webapps/POSLoketPelangi/yii/framework/web/CBaseController.php(206): COutputProcessor->run()
#10 /home/wildan/jobstuff/NegeriPelangi/webapps/POSLoketPelangi/yii/framework/web/CBaseController.php(300): CBaseController->endWidget('CContentDecorat...')
#11 /home/wildan/jobstuff/NegeriPelangi/webapps/POSLoketPelangi/yii/loketpelangi/themes/pekayon/views/layouts/column1.php(7): CBaseController->endContent()
#12 /home/wildan/jobstuff/NegeriPelangi/webapps/POSLoketPelangi/yii/framework/web/CBaseController.php(126): require('/home/wildan/jo...')
#13 /home/wildan/jobstuff/NegeriPelangi/webapps/POSLoketPelangi/yii/framework/web/CBaseController.php(95): CBaseController->renderInternal('/home/wildan/jo...', Array, true)
#14 /home/wildan/jobstuff/NegeriPelangi/webapps/POSLoketPelangi/yii/framework/web/CController.php(784): CBaseController->renderFile('/home/wildan/jo...', Array, true)
#15 /home/wildan/jobstuff/NegeriPelangi/webapps/POSLoketPelangi/yii/loketpelangi/protected/controllers/SiteController.php(32): CController->render('index')
#16 /home/wildan/jobstuff/NegeriPelangi/webapps/POSLoketPelangi/yii/framework/web/actions/CInlineAction.php(49): SiteController->actionIndex()
#17 /home/wildan/jobstuff/NegeriPelangi/webapps/POSLoketPelangi/yii/framework/web/CController.php(308): CInlineAction->runWithParams(Array)
#18 /home/wildan/jobstuff/NegeriPelangi/webapps/POSLoketPelangi/yii/framework/web/CController.php(286): CController->runAction(Object(CInlineAction))
#19 /home/wildan/jobstuff/NegeriPelangi/webapps/POSLoketPelangi/yii/framework/web/CController.php(265): CController->runActionWithFilters(Object(CInlineAction), Array)
#20 /home/wildan/jobstuff/NegeriPelangi/webapps/POSLoketPelangi/yii/framework/web/CWebApplication.php(282): CController->run('')
#21 /home/wildan/jobstuff/NegeriPelangi/webapps/POSLoketPelangi/yii/framework/web/CWebApplication.php(141): CWebApplication->runController('')
#22 /home/wildan/jobstuff/NegeriPelangi/webapps/POSLoketPelangi/yii/framework/base/CApplication.php(169): CWebApplication->processRequest()
#23 /home/wildan/jobstuff/NegeriPelangi/webapps/POSLoketPelangi/yii/loketpelangi/index.php(13): CApplication->run()
#24 {main}
REQUEST_URI=/index.php
---
2013/03/24 12:18:40 [error] [exception.CException] exception 'CException' with message 'Alias "bootstrap.widgets.TbNavbar" is invalid. Make sure it points to an existing directory or file.' in /home/wildan/jobstuff/NegeriPelangi/webapps/POSLoketPelangi/yii/framework/YiiBase.php:341
Stack trace:
#0 /home/wildan/jobstuff/NegeriPelangi/webapps/POSLoketPelangi/yii/framework/web/CWidgetFactory.php(146): YiiBase::import('bootstrap.widge...', true)
#1 /home/wildan/jobstuff/NegeriPelangi/webapps/POSLoketPelangi/yii/framework/web/CBaseController.php(146): CWidgetFactory->createWidget(Object(SiteController), 'bootstrap.widge...', Array)
#2 /home/wildan/jobstuff/NegeriPelangi/webapps/POSLoketPelangi/yii/framework/web/CBaseController.php(172): CBaseController->createWidget('bootstrap.widge...', Array)
#3 /home/wildan/jobstuff/NegeriPelangi/webapps/POSLoketPelangi/yii/loketpelangi/themes/pekayon/views/layouts/main.php(59): CBaseController->widget('bootstrap.widge...', Array)
#4 /home/wildan/jobstuff/NegeriPelangi/webapps/POSLoketPelangi/yii/framework/web/CBaseController.php(126): require('/home/wildan/jo...')
#5 /home/wildan/jobstuff/NegeriPelangi/webapps/POSLoketPelangi/yii/framework/web/CBaseController.php(95): CBaseController->renderInternal('/home/wildan/jo...', Array, true)
#6 /home/wildan/jobstuff/NegeriPelangi/webapps/POSLoketPelangi/yii/framework/web/widgets/CContentDecorator.php(76): CBaseController->renderFile('/home/wildan/jo...', Array, true)
#7 /home/wildan/jobstuff/NegeriPelangi/webapps/POSLoketPelangi/yii/framework/web/widgets/CContentDecorator.php(54): CContentDecorator->decorate('<div class="con...')
#8 /home/wildan/jobstuff/NegeriPelangi/webapps/POSLoketPelangi/yii/framework/web/widgets/COutputProcessor.php(44): CContentDecorator->processOutput('<div class="con...')
#9 /home/wildan/jobstuff/NegeriPelangi/webapps/POSLoketPelangi/yii/framework/web/CBaseController.php(206): COutputProcessor->run()
#10 /home/wildan/jobstuff/NegeriPelangi/webapps/POSLoketPelangi/yii/framework/web/CBaseController.php(300): CBaseController->endWidget('CContentDecorat...')
#11 /home/wildan/jobstuff/NegeriPelangi/webapps/POSLoketPelangi/yii/loketpelangi/themes/pekayon/views/layouts/column1.php(7): CBaseController->endContent()
#12 /home/wildan/jobstuff/NegeriPelangi/webapps/POSLoketPelangi/yii/framework/web/CBaseController.php(126): require('/home/wildan/jo...')
#13 /home/wildan/jobstuff/NegeriPelangi/webapps/POSLoketPelangi/yii/framework/web/CBaseController.php(95): CBaseController->renderInternal('/home/wildan/jo...', Array, true)
#14 /home/wildan/jobstuff/NegeriPelangi/webapps/POSLoketPelangi/yii/framework/web/CController.php(784): CBaseController->renderFile('/home/wildan/jo...', Array, true)
#15 /home/wildan/jobstuff/NegeriPelangi/webapps/POSLoketPelangi/yii/loketpelangi/protected/controllers/SiteController.php(32): CController->render('index')
#16 /home/wildan/jobstuff/NegeriPelangi/webapps/POSLoketPelangi/yii/framework/web/actions/CInlineAction.php(49): SiteController->actionIndex()
#17 /home/wildan/jobstuff/NegeriPelangi/webapps/POSLoketPelangi/yii/framework/web/CController.php(308): CInlineAction->runWithParams(Array)
#18 /home/wildan/jobstuff/NegeriPelangi/webapps/POSLoketPelangi/yii/framework/web/CController.php(286): CController->runAction(Object(CInlineAction))
#19 /home/wildan/jobstuff/NegeriPelangi/webapps/POSLoketPelangi/yii/framework/web/CController.php(265): CController->runActionWithFilters(Object(CInlineAction), Array)
#20 /home/wildan/jobstuff/NegeriPelangi/webapps/POSLoketPelangi/yii/framework/web/CWebApplication.php(282): CController->run('')
#21 /home/wildan/jobstuff/NegeriPelangi/webapps/POSLoketPelangi/yii/framework/web/CWebApplication.php(141): CWebApplication->runController('')
#22 /home/wildan/jobstuff/NegeriPelangi/webapps/POSLoketPelangi/yii/framework/base/CApplication.php(169): CWebApplication->processRequest()
#23 /home/wildan/jobstuff/NegeriPelangi/webapps/POSLoketPelangi/yii/loketpelangi/index.php(13): CApplication->run()
#24 {main}
REQUEST_URI=/index.php
---
2013/03/24 12:18:40 [error] [exception.CException] exception 'CException' with message 'Alias "bootstrap.widgets.TbNavbar" is invalid. Make sure it points to an existing directory or file.' in /home/wildan/jobstuff/NegeriPelangi/webapps/POSLoketPelangi/yii/framework/YiiBase.php:341
Stack trace:
#0 /home/wildan/jobstuff/NegeriPelangi/webapps/POSLoketPelangi/yii/framework/web/CWidgetFactory.php(146): YiiBase::import('bootstrap.widge...', true)
#1 /home/wildan/jobstuff/NegeriPelangi/webapps/POSLoketPelangi/yii/framework/web/CBaseController.php(146): CWidgetFactory->createWidget(Object(SiteController), 'bootstrap.widge...', Array)
#2 /home/wildan/jobstuff/NegeriPelangi/webapps/POSLoketPelangi/yii/framework/web/CBaseController.php(172): CBaseController->createWidget('bootstrap.widge...', Array)
#3 /home/wildan/jobstuff/NegeriPelangi/webapps/POSLoketPelangi/yii/loketpelangi/themes/pekayon/views/layouts/main.php(59): CBaseController->widget('bootstrap.widge...', Array)
#4 /home/wildan/jobstuff/NegeriPelangi/webapps/POSLoketPelangi/yii/framework/web/CBaseController.php(126): require('/home/wildan/jo...')
#5 /home/wildan/jobstuff/NegeriPelangi/webapps/POSLoketPelangi/yii/framework/web/CBaseController.php(95): CBaseController->renderInternal('/home/wildan/jo...', Array, true)
#6 /home/wildan/jobstuff/NegeriPelangi/webapps/POSLoketPelangi/yii/framework/web/widgets/CContentDecorator.php(76): CBaseController->renderFile('/home/wildan/jo...', Array, true)
#7 /home/wildan/jobstuff/NegeriPelangi/webapps/POSLoketPelangi/yii/framework/web/widgets/CContentDecorator.php(54): CContentDecorator->decorate('<div class="con...')
#8 /home/wildan/jobstuff/NegeriPelangi/webapps/POSLoketPelangi/yii/framework/web/widgets/COutputProcessor.php(44): CContentDecorator->processOutput('<div class="con...')
#9 /home/wildan/jobstuff/NegeriPelangi/webapps/POSLoketPelangi/yii/framework/web/CBaseController.php(206): COutputProcessor->run()
#10 /home/wildan/jobstuff/NegeriPelangi/webapps/POSLoketPelangi/yii/framework/web/CBaseController.php(300): CBaseController->endWidget('CContentDecorat...')
#11 /home/wildan/jobstuff/NegeriPelangi/webapps/POSLoketPelangi/yii/loketpelangi/themes/pekayon/views/layouts/column1.php(7): CBaseController->endContent()
#12 /home/wildan/jobstuff/NegeriPelangi/webapps/POSLoketPelangi/yii/framework/web/CBaseController.php(126): require('/home/wildan/jo...')
#13 /home/wildan/jobstuff/NegeriPelangi/webapps/POSLoketPelangi/yii/framework/web/CBaseController.php(95): CBaseController->renderInternal('/home/wildan/jo...', Array, true)
#14 /home/wildan/jobstuff/NegeriPelangi/webapps/POSLoketPelangi/yii/framework/web/CController.php(784): CBaseController->renderFile('/home/wildan/jo...', Array, true)
#15 /home/wildan/jobstuff/NegeriPelangi/webapps/POSLoketPelangi/yii/loketpelangi/protected/controllers/SiteController.php(32): CController->render('index')
#16 /home/wildan/jobstuff/NegeriPelangi/webapps/POSLoketPelangi/yii/framework/web/actions/CInlineAction.php(49): SiteController->actionIndex()
#17 /home/wildan/jobstuff/NegeriPelangi/webapps/POSLoketPelangi/yii/framework/web/CController.php(308): CInlineAction->runWithParams(Array)
#18 /home/wildan/jobstuff/NegeriPelangi/webapps/POSLoketPelangi/yii/framework/web/CController.php(286): CController->runAction(Object(CInlineAction))
#19 /home/wildan/jobstuff/NegeriPelangi/webapps/POSLoketPelangi/yii/framework/web/CController.php(265): CController->runActionWithFilters(Object(CInlineAction), Array)
#20 /home/wildan/jobstuff/NegeriPelangi/webapps/POSLoketPelangi/yii/framework/web/CWebApplication.php(282): CController->run('')
#21 /home/wildan/jobstuff/NegeriPelangi/webapps/POSLoketPelangi/yii/framework/web/CWebApplication.php(141): CWebApplication->runController('')
#22 /home/wildan/jobstuff/NegeriPelangi/webapps/POSLoketPelangi/yii/framework/base/CApplication.php(169): CWebApplication->processRequest()
#23 /home/wildan/jobstuff/NegeriPelangi/webapps/POSLoketPelangi/yii/loketpelangi/index.php(13): CApplication->run()
#24 {main}
REQUEST_URI=/index.php
---
2013/03/24 12:18:40 [error] [exception.CException] exception 'CException' with message 'Alias "bootstrap.widgets.TbNavbar" is invalid. Make sure it points to an existing directory or file.' in /home/wildan/jobstuff/NegeriPelangi/webapps/POSLoketPelangi/yii/framework/YiiBase.php:341
Stack trace:
#0 /home/wildan/jobstuff/NegeriPelangi/webapps/POSLoketPelangi/yii/framework/web/CWidgetFactory.php(146): YiiBase::import('bootstrap.widge...', true)
#1 /home/wildan/jobstuff/NegeriPelangi/webapps/POSLoketPelangi/yii/framework/web/CBaseController.php(146): CWidgetFactory->createWidget(Object(SiteController), 'bootstrap.widge...', Array)
#2 /home/wildan/jobstuff/NegeriPelangi/webapps/POSLoketPelangi/yii/framework/web/CBaseController.php(172): CBaseController->createWidget('bootstrap.widge...', Array)
#3 /home/wildan/jobstuff/NegeriPelangi/webapps/POSLoketPelangi/yii/loketpelangi/themes/pekayon/views/layouts/main.php(59): CBaseController->widget('bootstrap.widge...', Array)
#4 /home/wildan/jobstuff/NegeriPelangi/webapps/POSLoketPelangi/yii/framework/web/CBaseController.php(126): require('/home/wildan/jo...')
#5 /home/wildan/jobstuff/NegeriPelangi/webapps/POSLoketPelangi/yii/framework/web/CBaseController.php(95): CBaseController->renderInternal('/home/wildan/jo...', Array, true)
#6 /home/wildan/jobstuff/NegeriPelangi/webapps/POSLoketPelangi/yii/framework/web/widgets/CContentDecorator.php(76): CBaseController->renderFile('/home/wildan/jo...', Array, true)
#7 /home/wildan/jobstuff/NegeriPelangi/webapps/POSLoketPelangi/yii/framework/web/widgets/CContentDecorator.php(54): CContentDecorator->decorate('<div class="con...')
#8 /home/wildan/jobstuff/NegeriPelangi/webapps/POSLoketPelangi/yii/framework/web/widgets/COutputProcessor.php(44): CContentDecorator->processOutput('<div class="con...')
#9 /home/wildan/jobstuff/NegeriPelangi/webapps/POSLoketPelangi/yii/framework/web/CBaseController.php(206): COutputProcessor->run()
#10 /home/wildan/jobstuff/NegeriPelangi/webapps/POSLoketPelangi/yii/framework/web/CBaseController.php(300): CBaseController->endWidget('CContentDecorat...')
#11 /home/wildan/jobstuff/NegeriPelangi/webapps/POSLoketPelangi/yii/loketpelangi/themes/pekayon/views/layouts/column1.php(7): CBaseController->endContent()
#12 /home/wildan/jobstuff/NegeriPelangi/webapps/POSLoketPelangi/yii/framework/web/CBaseController.php(126): require('/home/wildan/jo...')
#13 /home/wildan/jobstuff/NegeriPelangi/webapps/POSLoketPelangi/yii/framework/web/CBaseController.php(95): CBaseController->renderInternal('/home/wildan/jo...', Array, true)
#14 /home/wildan/jobstuff/NegeriPelangi/webapps/POSLoketPelangi/yii/framework/web/CController.php(784): CBaseController->renderFile('/home/wildan/jo...', Array, true)
#15 /home/wildan/jobstuff/NegeriPelangi/webapps/POSLoketPelangi/yii/loketpelangi/protected/controllers/SiteController.php(32): CController->render('index')
#16 /home/wildan/jobstuff/NegeriPelangi/webapps/POSLoketPelangi/yii/framework/web/actions/CInlineAction.php(49): SiteController->actionIndex()
#17 /home/wildan/jobstuff/NegeriPelangi/webapps/POSLoketPelangi/yii/framework/web/CController.php(308): CInlineAction->runWithParams(Array)
#18 /home/wildan/jobstuff/NegeriPelangi/webapps/POSLoketPelangi/yii/framework/web/CController.php(286): CController->runAction(Object(CInlineAction))
#19 /home/wildan/jobstuff/NegeriPelangi/webapps/POSLoketPelangi/yii/framework/web/CController.php(265): CController->runActionWithFilters(Object(CInlineAction), Array)
#20 /home/wildan/jobstuff/NegeriPelangi/webapps/POSLoketPelangi/yii/framework/web/CWebApplication.php(282): CController->run('')
#21 /home/wildan/jobstuff/NegeriPelangi/webapps/POSLoketPelangi/yii/framework/web/CWebApplication.php(141): CWebApplication->runController('')
#22 /home/wildan/jobstuff/NegeriPelangi/webapps/POSLoketPelangi/yii/framework/base/CApplication.php(169): CWebApplication->processRequest()
#23 /home/wildan/jobstuff/NegeriPelangi/webapps/POSLoketPelangi/yii/loketpelangi/index.php(13): CApplication->run()
#24 {main}
REQUEST_URI=/index.php
---
2013/03/24 12:18:40 [error] [exception.CException] exception 'CException' with message 'Alias "bootstrap.widgets.TbNavbar" is invalid. Make sure it points to an existing directory or file.' in /home/wildan/jobstuff/NegeriPelangi/webapps/POSLoketPelangi/yii/framework/YiiBase.php:341
Stack trace:
#0 /home/wildan/jobstuff/NegeriPelangi/webapps/POSLoketPelangi/yii/framework/web/CWidgetFactory.php(146): YiiBase::import('bootstrap.widge...', true)
#1 /home/wildan/jobstuff/NegeriPelangi/webapps/POSLoketPelangi/yii/framework/web/CBaseController.php(146): CWidgetFactory->createWidget(Object(SiteController), 'bootstrap.widge...', Array)
#2 /home/wildan/jobstuff/NegeriPelangi/webapps/POSLoketPelangi/yii/framework/web/CBaseController.php(172): CBaseController->createWidget('bootstrap.widge...', Array)
#3 /home/wildan/jobstuff/NegeriPelangi/webapps/POSLoketPelangi/yii/loketpelangi/themes/pekayon/views/layouts/main.php(59): CBaseController->widget('bootstrap.widge...', Array)
#4 /home/wildan/jobstuff/NegeriPelangi/webapps/POSLoketPelangi/yii/framework/web/CBaseController.php(126): require('/home/wildan/jo...')
#5 /home/wildan/jobstuff/NegeriPelangi/webapps/POSLoketPelangi/yii/framework/web/CBaseController.php(95): CBaseController->renderInternal('/home/wildan/jo...', Array, true)
#6 /home/wildan/jobstuff/NegeriPelangi/webapps/POSLoketPelangi/yii/framework/web/widgets/CContentDecorator.php(76): CBaseController->renderFile('/home/wildan/jo...', Array, true)
#7 /home/wildan/jobstuff/NegeriPelangi/webapps/POSLoketPelangi/yii/framework/web/widgets/CContentDecorator.php(54): CContentDecorator->decorate('<div class="con...')
#8 /home/wildan/jobstuff/NegeriPelangi/webapps/POSLoketPelangi/yii/framework/web/widgets/COutputProcessor.php(44): CContentDecorator->processOutput('<div class="con...')
#9 /home/wildan/jobstuff/NegeriPelangi/webapps/POSLoketPelangi/yii/framework/web/CBaseController.php(206): COutputProcessor->run()
#10 /home/wildan/jobstuff/NegeriPelangi/webapps/POSLoketPelangi/yii/framework/web/CBaseController.php(300): CBaseController->endWidget('CContentDecorat...')
#11 /home/wildan/jobstuff/NegeriPelangi/webapps/POSLoketPelangi/yii/loketpelangi/themes/pekayon/views/layouts/column1.php(7): CBaseController->endContent()
#12 /home/wildan/jobstuff/NegeriPelangi/webapps/POSLoketPelangi/yii/framework/web/CBaseController.php(126): require('/home/wildan/jo...')
#13 /home/wildan/jobstuff/NegeriPelangi/webapps/POSLoketPelangi/yii/framework/web/CBaseController.php(95): CBaseController->renderInternal('/home/wildan/jo...', Array, true)
#14 /home/wildan/jobstuff/NegeriPelangi/webapps/POSLoketPelangi/yii/framework/web/CController.php(784): CBaseController->renderFile('/home/wildan/jo...', Array, true)
#15 /home/wildan/jobstuff/NegeriPelangi/webapps/POSLoketPelangi/yii/loketpelangi/protected/controllers/SiteController.php(32): CController->render('index')
#16 /home/wildan/jobstuff/NegeriPelangi/webapps/POSLoketPelangi/yii/framework/web/actions/CInlineAction.php(49): SiteController->actionIndex()
#17 /home/wildan/jobstuff/NegeriPelangi/webapps/POSLoketPelangi/yii/framework/web/CController.php(308): CInlineAction->runWithParams(Array)
#18 /home/wildan/jobstuff/NegeriPelangi/webapps/POSLoketPelangi/yii/framework/web/CController.php(286): CController->runAction(Object(CInlineAction))
#19 /home/wildan/jobstuff/NegeriPelangi/webapps/POSLoketPelangi/yii/framework/web/CController.php(265): CController->runActionWithFilters(Object(CInlineAction), Array)
#20 /home/wildan/jobstuff/NegeriPelangi/webapps/POSLoketPelangi/yii/framework/web/CWebApplication.php(282): CController->run('')
#21 /home/wildan/jobstuff/NegeriPelangi/webapps/POSLoketPelangi/yii/framework/web/CWebApplication.php(141): CWebApplication->runController('')
#22 /home/wildan/jobstuff/NegeriPelangi/webapps/POSLoketPelangi/yii/framework/base/CApplication.php(169): CWebApplication->processRequest()
#23 /home/wildan/jobstuff/NegeriPelangi/webapps/POSLoketPelangi/yii/loketpelangi/index.php(13): CApplication->run()
#24 {main}
REQUEST_URI=/index.php
---
2013/03/24 12:41:19 [error] [exception.CException] exception 'CException' with message 'Alias "bootstrap.widgets.TbNavbar" is invalid. Make sure it points to an existing directory or file.' in /home/wildan/jobstuff/NegeriPelangi/webapps/POSLoketPelangi/yii/framework/YiiBase.php:341
Stack trace:
#0 /home/wildan/jobstuff/NegeriPelangi/webapps/POSLoketPelangi/yii/framework/web/CWidgetFactory.php(146): YiiBase::import('bootstrap.widge...', true)
#1 /home/wildan/jobstuff/NegeriPelangi/webapps/POSLoketPelangi/yii/framework/web/CBaseController.php(146): CWidgetFactory->createWidget(Object(SiteController), 'bootstrap.widge...', Array)
#2 /home/wildan/jobstuff/NegeriPelangi/webapps/POSLoketPelangi/yii/framework/web/CBaseController.php(172): CBaseController->createWidget('bootstrap.widge...', Array)
#3 /home/wildan/jobstuff/NegeriPelangi/webapps/POSLoketPelangi/yii/loketpelangi/themes/pekayon/views/layouts/main.php(59): CBaseController->widget('bootstrap.widge...', Array)
#4 /home/wildan/jobstuff/NegeriPelangi/webapps/POSLoketPelangi/yii/framework/web/CBaseController.php(126): require('/home/wildan/jo...')
#5 /home/wildan/jobstuff/NegeriPelangi/webapps/POSLoketPelangi/yii/framework/web/CBaseController.php(95): CBaseController->renderInternal('/home/wildan/jo...', Array, true)
#6 /home/wildan/jobstuff/NegeriPelangi/webapps/POSLoketPelangi/yii/framework/web/widgets/CContentDecorator.php(76): CBaseController->renderFile('/home/wildan/jo...', Array, true)
#7 /home/wildan/jobstuff/NegeriPelangi/webapps/POSLoketPelangi/yii/framework/web/widgets/CContentDecorator.php(54): CContentDecorator->decorate('<div class="con...')
#8 /home/wildan/jobstuff/NegeriPelangi/webapps/POSLoketPelangi/yii/framework/web/widgets/COutputProcessor.php(44): CContentDecorator->processOutput('<div class="con...')
#9 /home/wildan/jobstuff/NegeriPelangi/webapps/POSLoketPelangi/yii/framework/web/CBaseController.php(206): COutputProcessor->run()
#10 /home/wildan/jobstuff/NegeriPelangi/webapps/POSLoketPelangi/yii/framework/web/CBaseController.php(300): CBaseController->endWidget('CContentDecorat...')
#11 /home/wildan/jobstuff/NegeriPelangi/webapps/POSLoketPelangi/yii/loketpelangi/themes/pekayon/views/layouts/column1.php(7): CBaseController->endContent()
#12 /home/wildan/jobstuff/NegeriPelangi/webapps/POSLoketPelangi/yii/framework/web/CBaseController.php(126): require('/home/wildan/jo...')
#13 /home/wildan/jobstuff/NegeriPelangi/webapps/POSLoketPelangi/yii/framework/web/CBaseController.php(95): CBaseController->renderInternal('/home/wildan/jo...', Array, true)
#14 /home/wildan/jobstuff/NegeriPelangi/webapps/POSLoketPelangi/yii/framework/web/CController.php(784): CBaseController->renderFile('/home/wildan/jo...', Array, true)
#15 /home/wildan/jobstuff/NegeriPelangi/webapps/POSLoketPelangi/yii/loketpelangi/protected/controllers/SiteController.php(72): CController->render('contact', Array)
#16 /home/wildan/jobstuff/NegeriPelangi/webapps/POSLoketPelangi/yii/framework/web/actions/CInlineAction.php(49): SiteController->actionContact()
#17 /home/wildan/jobstuff/NegeriPelangi/webapps/POSLoketPelangi/yii/framework/web/CController.php(308): CInlineAction->runWithParams(Array)
#18 /home/wildan/jobstuff/NegeriPelangi/webapps/POSLoketPelangi/yii/framework/web/CController.php(286): CController->runAction(Object(CInlineAction))
#19 /home/wildan/jobstuff/NegeriPelangi/webapps/POSLoketPelangi/yii/framework/web/CController.php(265): CController->runActionWithFilters(Object(CInlineAction), Array)
#20 /home/wildan/jobstuff/NegeriPelangi/webapps/POSLoketPelangi/yii/framework/web/CWebApplication.php(282): CController->run('contact')
#21 /home/wildan/jobstuff/NegeriPelangi/webapps/POSLoketPelangi/yii/framework/web/CWebApplication.php(141): CWebApplication->runController('site/contact')
#22 /home/wildan/jobstuff/NegeriPelangi/webapps/POSLoketPelangi/yii/framework/base/CApplication.php(169): CWebApplication->processRequest()
#23 /home/wildan/jobstuff/NegeriPelangi/webapps/POSLoketPelangi/yii/loketpelangi/index.php(13): CApplication->run()
#24 {main}
REQUEST_URI=/index.php?r=site/contact
HTTP_REFERER=http://loketpelangi.np/index.php?r=site/page&view=about
---
2013/03/24 16:36:22 [error] [exception.CHttpException.404] exception 'CHttpException' with message 'Unable to find the code you requested.' in /home/wildan/jobstuff/NegeriPelangi/webapps/POSLoketPelangi/yii/framework/gii/CCodeGenerator.php:90
Stack trace:
#0 /home/wildan/jobstuff/NegeriPelangi/webapps/POSLoketPelangi/yii/framework/web/actions/CInlineAction.php(49): CCodeGenerator->actionCode()
#1 /home/wildan/jobstuff/NegeriPelangi/webapps/POSLoketPelangi/yii/framework/web/CController.php(308): CInlineAction->runWithParams(Array)
#2 /home/wildan/jobstuff/NegeriPelangi/webapps/POSLoketPelangi/yii/framework/web/CController.php(286): CController->runAction(Object(CInlineAction))
#3 /home/wildan/jobstuff/NegeriPelangi/webapps/POSLoketPelangi/yii/framework/web/CController.php(265): CController->runActionWithFilters(Object(CInlineAction), Array)
#4 /home/wildan/jobstuff/NegeriPelangi/webapps/POSLoketPelangi/yii/framework/web/CWebApplication.php(282): CController->run('code')
#5 /home/wildan/jobstuff/NegeriPelangi/webapps/POSLoketPelangi/yii/framework/web/CWebApplication.php(141): CWebApplication->runController('gii/bootstrap/c...')
#6 /home/wildan/jobstuff/NegeriPelangi/webapps/POSLoketPelangi/yii/framework/base/CApplication.php(169): CWebApplication->processRequest()
#7 /home/wildan/jobstuff/NegeriPelangi/webapps/POSLoketPelangi/yii/loketpelangi/index.php(13): CApplication->run()
#8 {main}
REQUEST_URI=/index.php?r=gii/bootstrap/code&id=0
HTTP_REFERER=http://loketpelangi.np/index.php?r=gii/bootstrap
---
2013/03/24 19:02:09 [error] [exception.CException] exception 'CException' with message 'Property "CActiveForm.class" is not defined.' in /home/wildan/jobstuff/NegeriPelangi/webapps/POSLoketPelangi/framework/base/CComponent.php:173
Stack trace:
#0 /home/wildan/jobstuff/NegeriPelangi/webapps/POSLoketPelangi/framework/web/CWidgetFactory.php(161): CComponent->__set('class', 'form-horizontal')
#1 /home/wildan/jobstuff/NegeriPelangi/webapps/POSLoketPelangi/framework/web/CBaseController.php(146): CWidgetFactory->createWidget(Object(SiteController), 'CActiveForm', Array)
#2 /home/wildan/jobstuff/NegeriPelangi/webapps/POSLoketPelangi/framework/web/CBaseController.php(189): CBaseController->createWidget('CActiveForm', Array)
#3 /home/wildan/jobstuff/NegeriPelangi/webapps/POSLoketPelangi/loketpelangi/protected/views/site/login.php(27): CBaseController->beginWidget('CActiveForm', Array)
#4 /home/wildan/jobstuff/NegeriPelangi/webapps/POSLoketPelangi/framework/web/CBaseController.php(126): require('/home/wildan/jo...')
#5 /home/wildan/jobstuff/NegeriPelangi/webapps/POSLoketPelangi/framework/web/CBaseController.php(95): CBaseController->renderInternal('/home/wildan/jo...', Array, true)
#6 /home/wildan/jobstuff/NegeriPelangi/webapps/POSLoketPelangi/framework/web/CController.php(869): CBaseController->renderFile('/home/wildan/jo...', Array, true)
#7 /home/wildan/jobstuff/NegeriPelangi/webapps/POSLoketPelangi/framework/web/CController.php(782): CController->renderPartial('login', Array, true)
#8 /home/wildan/jobstuff/NegeriPelangi/webapps/POSLoketPelangi/loketpelangi/protected/controllers/SiteController.php(98): CController->render('login', Array)
#9 /home/wildan/jobstuff/NegeriPelangi/webapps/POSLoketPelangi/framework/web/actions/CInlineAction.php(49): SiteController->actionLogin()
#10 /home/wildan/jobstuff/NegeriPelangi/webapps/POSLoketPelangi/framework/web/CController.php(308): CInlineAction->runWithParams(Array)
#11 /home/wildan/jobstuff/NegeriPelangi/webapps/POSLoketPelangi/framework/web/CController.php(286): CController->runAction(Object(CInlineAction))
#12 /home/wildan/jobstuff/NegeriPelangi/webapps/POSLoketPelangi/framework/web/CController.php(265): CController->runActionWithFilters(Object(CInlineAction), Array)
#13 /home/wildan/jobstuff/NegeriPelangi/webapps/POSLoketPelangi/framework/web/CWebApplication.php(282): CController->run('login')
#14 /home/wildan/jobstuff/NegeriPelangi/webapps/POSLoketPelangi/framework/web/CWebApplication.php(141): CWebApplication->runController('site/login')
#15 /home/wildan/jobstuff/NegeriPelangi/webapps/POSLoketPelangi/framework/base/CApplication.php(169): CWebApplication->processRequest()
#16 /home/wildan/jobstuff/NegeriPelangi/webapps/POSLoketPelangi/loketpelangi/index.php(13): CApplication->run()
#17 {main}
REQUEST_URI=/index.php?r=site/login
HTTP_REFERER=http://loketpelangi.np/index.php?r=site/login
---
2013/03/24 19:08:09 [error] [exception.CException] exception 'CException' with message 'CActiveForm and its behaviors do not have a method or closure named "textFieldRow".' in /home/wildan/jobstuff/NegeriPelangi/webapps/POSLoketPelangi/framework/base/CComponent.php:265
Stack trace:
#0 /home/wildan/jobstuff/NegeriPelangi/webapps/POSLoketPelangi/loketpelangi/protected/views/site/login.php(32): CComponent->__call('textFieldRow', Array)
#1 /home/wildan/jobstuff/NegeriPelangi/webapps/POSLoketPelangi/loketpelangi/protected/views/site/login.php(32): CActiveForm->textFieldRow(Object(LoginForm), 'username', Array)
#2 /home/wildan/jobstuff/NegeriPelangi/webapps/POSLoketPelangi/framework/web/CBaseController.php(126): require('/home/wildan/jo...')
#3 /home/wildan/jobstuff/NegeriPelangi/webapps/POSLoketPelangi/framework/web/CBaseController.php(95): CBaseController->renderInternal('/home/wildan/jo...', Array, true)
#4 /home/wildan/jobstuff/NegeriPelangi/webapps/POSLoketPelangi/framework/web/CController.php(869): CBaseController->renderFile('/home/wildan/jo...', Array, true)
#5 /home/wildan/jobstuff/NegeriPelangi/webapps/POSLoketPelangi/framework/web/CController.php(782): CController->renderPartial('login', Array, true)
#6 /home/wildan/jobstuff/NegeriPelangi/webapps/POSLoketPelangi/loketpelangi/protected/controllers/SiteController.php(98): CController->render('login', Array)
#7 /home/wildan/jobstuff/NegeriPelangi/webapps/POSLoketPelangi/framework/web/actions/CInlineAction.php(49): SiteController->actionLogin()
#8 /home/wildan/jobstuff/NegeriPelangi/webapps/POSLoketPelangi/framework/web/CController.php(308): CInlineAction->runWithParams(Array)
#9 /home/wildan/jobstuff/NegeriPelangi/webapps/POSLoketPelangi/framework/web/CController.php(286): CController->runAction(Object(CInlineAction))
#10 /home/wildan/jobstuff/NegeriPelangi/webapps/POSLoketPelangi/framework/web/CController.php(265): CController->runActionWithFilters(Object(CInlineAction), Array)
#11 /home/wildan/jobstuff/NegeriPelangi/webapps/POSLoketPelangi/framework/web/CWebApplication.php(282): CController->run('login')
#12 /home/wildan/jobstuff/NegeriPelangi/webapps/POSLoketPelangi/framework/web/CWebApplication.php(141): CWebApplication->runController('site/login')
#13 /home/wildan/jobstuff/NegeriPelangi/webapps/POSLoketPelangi/framework/base/CApplication.php(169): CWebApplication->processRequest()
#14 /home/wildan/jobstuff/NegeriPelangi/webapps/POSLoketPelangi/loketpelangi/index.php(13): CApplication->run()
#15 {main}
REQUEST_URI=/index.php?r=site/login
HTTP_REFERER=http://loketpelangi.np/index.php?r=site/login
---
2013/03/24 19:22:31 [error] [exception.CException] exception 'CException' with message 'Property "TbBox.0" is not defined.' in /home/wildan/jobstuff/NegeriPelangi/webapps/POSLoketPelangi/framework/base/CComponent.php:173
Stack trace:
#0 /home/wildan/jobstuff/NegeriPelangi/webapps/POSLoketPelangi/framework/web/CWidgetFactory.php(161): CComponent->__set('0', NULL)
#1 /home/wildan/jobstuff/NegeriPelangi/webapps/POSLoketPelangi/framework/web/CBaseController.php(146): CWidgetFactory->createWidget(Object(DashboardController), 'bootstrap.widge...', Array)
#2 /home/wildan/jobstuff/NegeriPelangi/webapps/POSLoketPelangi/framework/web/CBaseController.php(172): CBaseController->createWidget('bootstrap.widge...', Array)
#3 /home/wildan/jobstuff/NegeriPelangi/webapps/POSLoketPelangi/loketpelangi/protected/views/dashboard/index.php(13): CBaseController->widget('bootstrap.widge...', Array)
#4 /home/wildan/jobstuff/NegeriPelangi/webapps/POSLoketPelangi/framework/web/CBaseController.php(126): require('/home/wildan/jo...')
#5 /home/wildan/jobstuff/NegeriPelangi/webapps/POSLoketPelangi/framework/web/CBaseController.php(95): CBaseController->renderInternal('/home/wildan/jo...', NULL, true)
#6 /home/wildan/jobstuff/NegeriPelangi/webapps/POSLoketPelangi/framework/web/CController.php(869): CBaseController->renderFile('/home/wildan/jo...', NULL, true)
#7 /home/wildan/jobstuff/NegeriPelangi/webapps/POSLoketPelangi/framework/web/CController.php(782): CController->renderPartial('index', NULL, true)
#8 /home/wildan/jobstuff/NegeriPelangi/webapps/POSLoketPelangi/loketpelangi/protected/controllers/DashboardController.php(7): CController->render('index')
#9 /home/wildan/jobstuff/NegeriPelangi/webapps/POSLoketPelangi/framework/web/actions/CInlineAction.php(49): DashboardController->actionIndex()
#10 /home/wildan/jobstuff/NegeriPelangi/webapps/POSLoketPelangi/framework/web/CController.php(308): CInlineAction->runWithParams(Array)
#11 /home/wildan/jobstuff/NegeriPelangi/webapps/POSLoketPelangi/framework/web/CController.php(286): CController->runAction(Object(CInlineAction))
#12 /home/wildan/jobstuff/NegeriPelangi/webapps/POSLoketPelangi/framework/web/CController.php(265): CController->runActionWithFilters(Object(CInlineAction), Array)
#13 /home/wildan/jobstuff/NegeriPelangi/webapps/POSLoketPelangi/framework/web/CWebApplication.php(282): CController->run('index')
#14 /home/wildan/jobstuff/NegeriPelangi/webapps/POSLoketPelangi/framework/web/CWebApplication.php(141): CWebApplication->runController('Dashboard/index')
#15 /home/wildan/jobstuff/NegeriPelangi/webapps/POSLoketPelangi/framework/base/CApplication.php(169): CWebApplication->processRequest()
#16 /home/wildan/jobstuff/NegeriPelangi/webapps/POSLoketPelangi/loketpelangi/index.php(13): CApplication->run()
#17 {main}
REQUEST_URI=/index.php?r=Dashboard/index
HTTP_REFERER=http://loketpelangi.np/index.php?r=site/login
---
2013/03/24 20:15:14 [error] [exception.CHttpException.404] exception 'CHttpException' with message 'Unable to resolve the request "produk/index".' in /home/wildan/jobstuff/NegeriPelangi/webapps/POSLoketPelangi/framework/web/CWebApplication.php:286
Stack trace:
#0 /home/wildan/jobstuff/NegeriPelangi/webapps/POSLoketPelangi/framework/web/CWebApplication.php(141): CWebApplication->runController('produk/index')
#1 /home/wildan/jobstuff/NegeriPelangi/webapps/POSLoketPelangi/framework/base/CApplication.php(169): CWebApplication->processRequest()
#2 /home/wildan/jobstuff/NegeriPelangi/webapps/POSLoketPelangi/loketpelangi/index.php(13): CApplication->run()
#3 {main}
REQUEST_URI=/index.php?r=produk/index
HTTP_REFERER=http://loketpelangi.np/index.php?r=dashboard&view=dashboard
---
